18:50:20.357 [main] INFO  com.tr.tests.TestBase - Start to search element By.cssSelector: [href='/login']
18:50:20.390 [main] INFO  com.tr.tests.TestBase - By.cssSelector: [href='/login'] found
18:50:22.532 [main] INFO  com.tr.tests.TestBase - Start to search element By.name: user
18:50:22.570 [main] INFO  com.tr.tests.TestBase - By.name: user found
18:50:22.750 [main] INFO  com.tr.tests.TestBase - Start to search element By.name: user
18:50:22.773 [main] INFO  com.tr.tests.TestBase - By.name: user found
18:50:22.816 [main] INFO  com.tr.tests.TestBase - Start to search element By.name: user
18:50:22.831 [main] INFO  com.tr.tests.TestBase - By.name: user found
18:50:22.975 [main] INFO  com.tr.tests.TestBase - Start to search element By.name: password
18:50:23.001 [main] INFO  com.tr.tests.TestBase - By.name: password found
18:50:23.101 [main] INFO  com.tr.tests.TestBase - Start to search element By.name: password
18:50:23.134 [main] INFO  com.tr.tests.TestBase - By.name: password found
18:50:23.178 [main] INFO  com.tr.tests.TestBase - Start to search element By.name: password
18:50:23.193 [main] INFO  com.tr.tests.TestBase - By.name: password found
18:50:23.278 [main] INFO  com.tr.tests.TestBase - Start to search element By.id: login
18:50:23.301 [main] INFO  com.tr.tests.TestBase - By.id: login found
18:50:23.415 [main] INFO  com.tr.tests.TestBase - Start test teamCreationFromHeaderTest with parameters []
18:50:23.416 [main] INFO  com.tr.tests.TestBase - Start to search element By.cssSelector: .content-all-boards
18:50:36.353 [main] INFO  com.tr.tests.TestBase - By.cssSelector: .content-all-boards found
18:50:43.355 [main] INFO  com.tr.tests.TestBase - Start to search element By.cssSelector: .icon-house
18:50:48.377 [main] INFO  com.tr.tests.TestBase - By.cssSelector: .icon-house found
18:50:48.377 [main] INFO  com.tr.tests.TestBase - Start to search element By.name: house
18:50:48.420 [main] INFO  com.tr.tests.TestBase - By.name: house found
18:50:58.601 [main] INFO  com.tr.tests.TestBase - Start to search element By.cssSelector: [data-test-id="header-create-menu-button"]
18:50:58.632 [main] INFO  com.tr.tests.TestBase - By.cssSelector: [data-test-id="header-create-menu-button"] found
18:50:58.632 [main] INFO  com.tr.tests.TestBase - Start to search element By.cssSelector: [data-test-id=header-create-menu-button]
18:50:58.661 [main] INFO  com.tr.tests.TestBase - By.cssSelector: [data-test-id=header-create-menu-button] found
18:50:58.871 [main] INFO  com.tr.tests.TestBase - Start to search element By.cssSelector: .js-new-org
18:51:03.935 [main] INFO  com.tr.tests.TestBase - By.cssSelector: .js-new-org found
18:51:03.942 [main] INFO  com.tr.tests.TestBase - Start to search element By.cssSelector: [data-test-id='header-create-team-button']
18:51:03.967 [main] INFO  com.tr.tests.TestBase - By.cssSelector: [data-test-id='header-create-team-button'] found
18:51:03.967 [main] INFO  com.tr.tests.TestBase - Start to search element By.cssSelector: [data-test-id='header-create-team-button']
18:51:03.980 [main] INFO  com.tr.tests.TestBase - By.cssSelector: [data-test-id='header-create-team-button'] found
18:51:04.096 [main] INFO  com.tr.tests.TestBase - Start to search element By.name: displayName
18:51:09.799 [main] ERROR com.tr.tests.TestBase - !!!!!!! ERROR !!!!!!! 
org.openqa.selenium.NoSuchElementException: no such element: Unable to locate element: {"method":"css selector","selector":"*[name='displayName']"}
  (Session info: chrome=75.0.3770.80)
For documentation on this error, please visit: https://www.seleniumhq.org/exceptions/no_such_element.html
Build info: version: '3.141.59', revision: 'e82be7d358', time: '2018-11-14T08:17:03'
System info: host: 'LENA-TOSHIBA', ip: '192.168.204.2', os.name: 'Windows 10', os.arch: 'amd64', os.version: '10.0', java.version: '1.8.0_181'
Driver info: org.openqa.selenium.chrome.ChromeDriver
Capabilities {acceptInsecureCerts: false, browserName: chrome, browserVersion: 75.0.3770.80, chrome: {chromedriverVersion: 75.0.3770.8 (681f24ea911fe7..., userDataDir: C:\Users\Elena\AppData\Loca...}, goog:chromeOptions: {debuggerAddress: localhost:56712}, javascriptEnabled: true, networkConnectionEnabled: false, pageLoadStrategy: normal, platform: XP, platformName: XP, proxy: Proxy(), setWindowRect: true, strictFileInteractability: false, timeouts: {implicit: 0, pageLoad: 300000, script: 30000}, unhandledPromptBehavior: dismiss and notify}
Session ID: c87fe3dcff24be71fe9c9edfaa6b437f
*** Element info: {Using=name, value=displayName}
	at sun.reflect.NativeConstructorAccessorImpl.newInstance0(Native Method)
	at sun.reflect.NativeConstructorAccessorImpl.newInstance(NativeConstructorAccessorImpl.java:62)
	at sun.reflect.DelegatingConstructorAccessorImpl.newInstance(DelegatingConstructorAccessorImpl.java:45)
	at java.lang.reflect.Constructor.newInstance(Constructor.java:423)
	at org.openqa.selenium.remote.http.W3CHttpResponseCodec.createException(W3CHttpResponseCodec.java:187)
	at org.openqa.selenium.remote.http.W3CHttpResponseCodec.decode(W3CHttpResponseCodec.java:122)
	at org.openqa.selenium.remote.http.W3CHttpResponseCodec.decode(W3CHttpResponseCodec.java:49)
	at org.openqa.selenium.remote.HttpCommandExecutor.execute(HttpCommandExecutor.java:158)
	at org.openqa.selenium.remote.service.DriverCommandExecutor.execute(DriverCommandExecutor.java:83)
	at org.openqa.selenium.remote.RemoteWebDriver.execute(RemoteWebDriver.java:552)
	at org.openqa.selenium.remote.RemoteWebDriver.findElement(RemoteWebDriver.java:323)
	at org.openqa.selenium.remote.RemoteWebDriver.findElementByName(RemoteWebDriver.java:404)
	at org.openqa.selenium.By$ByName.findElement(By.java:284)
	at org.openqa.selenium.remote.RemoteWebDriver.findElement(RemoteWebDriver.java:315)
	at sun.reflect.NativeMethodAccessorImpl.invoke0(Native Method)
	at sun.reflect.NativeMethodAccessorImpl.invoke(NativeMethodAccessorImpl.java:62)
	at sun.reflect.DelegatingMethodAccessorImpl.invoke(DelegatingMethodAccessorImpl.java:43)
	at java.lang.reflect.Method.invoke(Method.java:498)
	at org.openqa.selenium.support.events.EventFiringWebDriver.lambda$new$1(EventFiringWebDriver.java:105)
	at com.sun.proxy.$Proxy9.findElement(Unknown Source)
	at org.openqa.selenium.support.events.EventFiringWebDriver.findElement(EventFiringWebDriver.java:194)
	at com.tr.manager.HelperBase.click(HelperBase.java:18)
	at com.tr.manager.HelperBase.type(HelperBase.java:34)
	at com.tr.manager.TeamHelper.fillTeamCreationForm(TeamHelper.java:24)
	at com.tr.tests.CreateTeam.teamCreationFromHeaderTest(CreateTeam.java:43)
	at sun.reflect.NativeMethodAccessorImpl.invoke0(Native Method)
	at sun.reflect.NativeMethodAccessorImpl.invoke(NativeMethodAccessorImpl.java:62)
	at sun.reflect.DelegatingMethodAccessorImpl.invoke(DelegatingMethodAccessorImpl.java:43)
	at java.lang.reflect.Method.invoke(Method.java:498)
	at org.testng.internal.MethodInvocationHelper.invokeMethod(MethodInvocationHelper.java:124)
	at org.testng.internal.Invoker.invokeMethod(Invoker.java:583)
	at org.testng.internal.Invoker.invokeTestMethod(Invoker.java:719)
	at org.testng.internal.Invoker.invokeTestMethods(Invoker.java:989)
	at org.testng.internal.TestMethodWorker.invokeTestMethods(TestMethodWorker.java:125)
	at org.testng.internal.TestMethodWorker.run(TestMethodWorker.java:109)
	at org.testng.TestRunner.privateRun(TestRunner.java:648)
	at org.testng.TestRunner.run(TestRunner.java:505)
	at org.testng.SuiteRunner.runTest(SuiteRunner.java:455)
	at org.testng.SuiteRunner.runSequentially(SuiteRunner.java:450)
	at org.testng.SuiteRunner.privateRun(SuiteRunner.java:415)
	at org.testng.SuiteRunner.run(SuiteRunner.java:364)
	at org.testng.SuiteRunnerWorker.runSuite(SuiteRunnerWorker.java:52)
	at org.testng.SuiteRunnerWorker.run(SuiteRunnerWorker.java:84)
	at org.testng.TestNG.runSuitesSequentially(TestNG.java:1208)
	at org.testng.TestNG.runSuitesLocally(TestNG.java:1137)
	at org.testng.TestNG.runSuites(TestNG.java:1049)
	at org.testng.TestNG.run(TestNG.java:1017)
	at org.testng.IDEARemoteTestNG.run(IDEARemoteTestNG.java:72)
	at org.testng.RemoteTestNGStarter.main(RemoteTestNGStarter.java:123)
18:51:09.821 [main] INFO  com.tr.tests.TestBase - Stop test teamCreationFromHeaderTest
