18:43:43.785 [main] INFO  com.tr.tests.TestBase - Start to search element By.cssSelector: [href='/login']
18:43:43.817 [main] INFO  com.tr.tests.TestBase - By.cssSelector: [href='/login'] found
18:43:45.784 [main] INFO  com.tr.tests.TestBase - Start to search element By.name: user
18:43:45.820 [main] INFO  com.tr.tests.TestBase - By.name: user found
18:43:45.899 [main] INFO  com.tr.tests.TestBase - Start to search element By.name: user
18:43:45.916 [main] INFO  com.tr.tests.TestBase - By.name: user found
18:43:45.955 [main] INFO  com.tr.tests.TestBase - Start to search element By.name: user
18:43:45.971 [main] INFO  com.tr.tests.TestBase - By.name: user found
18:43:46.140 [main] INFO  com.tr.tests.TestBase - Start to search element By.name: password
18:43:46.170 [main] INFO  com.tr.tests.TestBase - By.name: password found
18:43:46.240 [main] INFO  com.tr.tests.TestBase - Start to search element By.name: password
18:43:46.269 [main] INFO  com.tr.tests.TestBase - By.name: password found
18:43:46.311 [main] INFO  com.tr.tests.TestBase - Start to search element By.name: password
18:43:46.326 [main] INFO  com.tr.tests.TestBase - By.name: password found
18:43:46.404 [main] INFO  com.tr.tests.TestBase - Start to search element By.id: login
18:43:46.428 [main] INFO  com.tr.tests.TestBase - By.id: login found
18:43:46.554 [main] INFO  com.tr.tests.TestBase - Start test teamCreationFromHeaderTest with parameters []
18:43:46.557 [main] INFO  com.tr.tests.TestBase - Start to search element By.cssSelector: .content-all-boards
18:43:59.159 [main] INFO  com.tr.tests.TestBase - By.cssSelector: .content-all-boards found
18:44:06.160 [main] INFO  com.tr.tests.TestBase - Start to search element By.cssSelector: .icon-house
18:44:11.180 [main] INFO  com.tr.tests.TestBase - By.cssSelector: .icon-house found
18:44:11.181 [main] INFO  com.tr.tests.TestBase - Start to search element By.name: house
18:44:11.212 [main] INFO  com.tr.tests.TestBase - By.name: house found
18:44:21.382 [main] INFO  com.tr.tests.TestBase - Start to search element By.cssSelector: [data-test-id="header-create-menu-button"]
18:44:21.404 [main] INFO  com.tr.tests.TestBase - By.cssSelector: [data-test-id="header-create-menu-button"] found
18:44:21.404 [main] INFO  com.tr.tests.TestBase - Start to search element By.cssSelector: [data-test-id=header-create-menu-button]
18:44:21.432 [main] INFO  com.tr.tests.TestBase - By.cssSelector: [data-test-id=header-create-menu-button] found
18:44:21.645 [main] INFO  com.tr.tests.TestBase - Start to search element By.cssSelector: .js-new-org
18:44:27.329 [main] ERROR com.tr.tests.TestBase - !!!!!!! ERROR !!!!!!! 
org.openqa.selenium.NoSuchElementException: no such element: Unable to locate element: {"method":"css selector","selector":".js-new-org"}
  (Session info: chrome=75.0.3770.80)
For documentation on this error, please visit: https://www.seleniumhq.org/exceptions/no_such_element.html
Build info: version: '3.141.59', revision: 'e82be7d358', time: '2018-11-14T08:17:03'
System info: host: 'LENA-TOSHIBA', ip: '192.168.204.2', os.name: 'Windows 10', os.arch: 'amd64', os.version: '10.0', java.version: '1.8.0_181'
Driver info: org.openqa.selenium.chrome.ChromeDriver
Capabilities {acceptInsecureCerts: false, browserName: chrome, browserVersion: 75.0.3770.80, chrome: {chromedriverVersion: 75.0.3770.8 (681f24ea911fe7..., userDataDir: C:\Users\Elena\AppData\Loca...}, goog:chromeOptions: {debuggerAddress: localhost:56277}, javascriptEnabled: true, networkConnectionEnabled: false, pageLoadStrategy: normal, platform: XP, platformName: XP, proxy: Proxy(), setWindowRect: true, strictFileInteractability: false, timeouts: {implicit: 0, pageLoad: 300000, script: 30000}, unhandledPromptBehavior: dismiss and notify}
Session ID: b27dea26102b2e66f7bf590323299ab8
*** Element info: {Using=css selector, value=.js-new-org}
	at sun.reflect.NativeConstructorAccessorImpl.newInstance0(Native Method)
	at sun.reflect.NativeConstructorAccessorImpl.newInstance(NativeConstructorAccessorImpl.java:62)
	at sun.reflect.DelegatingConstructorAccessorImpl.newInstance(DelegatingConstructorAccessorImpl.java:45)
	at java.lang.reflect.Constructor.newInstance(Constructor.java:423)
	at org.openqa.selenium.remote.http.W3CHttpResponseCodec.createException(W3CHttpResponseCodec.java:187)
	at org.openqa.selenium.remote.http.W3CHttpResponseCodec.decode(W3CHttpResponseCodec.java:122)
	at org.openqa.selenium.remote.http.W3CHttpResponseCodec.decode(W3CHttpResponseCodec.java:49)
	at org.openqa.selenium.remote.HttpCommandExecutor.execute(HttpCommandExecutor.java:158)
	at org.openqa.selenium.remote.service.DriverCommandExecutor.execute(DriverCommandExecutor.java:83)
	at org.openqa.selenium.remote.RemoteWebDriver.execute(RemoteWebDriver.java:552)
	at org.openqa.selenium.remote.RemoteWebDriver.findElement(RemoteWebDriver.java:323)
	at org.openqa.selenium.remote.RemoteWebDriver.findElementByCssSelector(RemoteWebDriver.java:420)
	at org.openqa.selenium.By$ByCssSelector.findElement(By.java:431)
	at org.openqa.selenium.remote.RemoteWebDriver.findElement(RemoteWebDriver.java:315)
	at sun.reflect.NativeMethodAccessorImpl.invoke0(Native Method)
	at sun.reflect.NativeMethodAccessorImpl.invoke(NativeMethodAccessorImpl.java:62)
	at sun.reflect.DelegatingMethodAccessorImpl.invoke(DelegatingMethodAccessorImpl.java:43)
	at java.lang.reflect.Method.invoke(Method.java:498)
	at org.openqa.selenium.support.events.EventFiringWebDriver.lambda$new$1(EventFiringWebDriver.java:105)
	at com.sun.proxy.$Proxy9.findElement(Unknown Source)
	at org.openqa.selenium.support.events.EventFiringWebDriver.findElement(EventFiringWebDriver.java:194)
	at com.tr.manager.HelperBase.click(HelperBase.java:18)
	at com.tr.manager.TeamHelper.selectCreateTeamFromDropDown(TeamHelper.java:15)
	at com.tr.tests.CreateTeam.teamCreationFromHeaderTest(CreateTeam.java:41)
	at sun.reflect.NativeMethodAccessorImpl.invoke0(Native Method)
	at sun.reflect.NativeMethodAccessorImpl.invoke(NativeMethodAccessorImpl.java:62)
	at sun.reflect.DelegatingMethodAccessorImpl.invoke(DelegatingMethodAccessorImpl.java:43)
	at java.lang.reflect.Method.invoke(Method.java:498)
	at org.testng.internal.MethodInvocationHelper.invokeMethod(MethodInvocationHelper.java:124)
	at org.testng.internal.Invoker.invokeMethod(Invoker.java:583)
	at org.testng.internal.Invoker.invokeTestMethod(Invoker.java:719)
	at org.testng.internal.Invoker.invokeTestMethods(Invoker.java:989)
	at org.testng.internal.TestMethodWorker.invokeTestMethods(TestMethodWorker.java:125)
	at org.testng.internal.TestMethodWorker.run(TestMethodWorker.java:109)
	at org.testng.TestRunner.privateRun(TestRunner.java:648)
	at org.testng.TestRunner.run(TestRunner.java:505)
	at org.testng.SuiteRunner.runTest(SuiteRunner.java:455)
	at org.testng.SuiteRunner.runSequentially(SuiteRunner.java:450)
	at org.testng.SuiteRunner.privateRun(SuiteRunner.java:415)
	at org.testng.SuiteRunner.run(SuiteRunner.java:364)
	at org.testng.SuiteRunnerWorker.runSuite(SuiteRunnerWorker.java:52)
	at org.testng.SuiteRunnerWorker.run(SuiteRunnerWorker.java:84)
	at org.testng.TestNG.runSuitesSequentially(TestNG.java:1208)
	at org.testng.TestNG.runSuitesLocally(TestNG.java:1137)
	at org.testng.TestNG.runSuites(TestNG.java:1049)
	at org.testng.TestNG.run(TestNG.java:1017)
	at org.testng.IDEARemoteTestNG.run(IDEARemoteTestNG.java:72)
	at org.testng.RemoteTestNGStarter.main(RemoteTestNGStarter.java:123)
18:44:27.353 [main] INFO  com.tr.tests.TestBase - Stop test teamCreationFromHeaderTest
