18:51:56.162 [main] INFO  com.tr.tests.TestBase - Start to search element By.cssSelector: [href='/login']
18:51:56.194 [main] INFO  com.tr.tests.TestBase - By.cssSelector: [href='/login'] found
18:51:58.230 [main] INFO  com.tr.tests.TestBase - Start to search element By.name: user
18:51:58.283 [main] INFO  com.tr.tests.TestBase - By.name: user found
18:51:58.467 [main] INFO  com.tr.tests.TestBase - Start to search element By.name: user
18:51:58.496 [main] INFO  com.tr.tests.TestBase - By.name: user found
18:51:58.539 [main] INFO  com.tr.tests.TestBase - Start to search element By.name: user
18:51:58.555 [main] INFO  com.tr.tests.TestBase - By.name: user found
18:51:58.730 [main] INFO  com.tr.tests.TestBase - Start to search element By.name: password
18:51:58.751 [main] INFO  com.tr.tests.TestBase - By.name: password found
18:51:58.829 [main] INFO  com.tr.tests.TestBase - Start to search element By.name: password
18:51:58.875 [main] INFO  com.tr.tests.TestBase - By.name: password found
18:51:58.905 [main] INFO  com.tr.tests.TestBase - Start to search element By.name: password
18:51:58.917 [main] INFO  com.tr.tests.TestBase - By.name: password found
18:51:58.988 [main] INFO  com.tr.tests.TestBase - Start to search element By.id: login
18:51:59.014 [main] INFO  com.tr.tests.TestBase - By.id: login found
18:51:59.114 [main] INFO  com.tr.tests.TestBase - Start test teamCreationFromHeaderTest with parameters []
18:51:59.115 [main] INFO  com.tr.tests.TestBase - Start to search element By.cssSelector: .content-all-boards
18:52:12.576 [main] INFO  com.tr.tests.TestBase - By.cssSelector: .content-all-boards found
18:52:19.577 [main] INFO  com.tr.tests.TestBase - Start to search element By.cssSelector: .icon-house
18:52:24.613 [main] INFO  com.tr.tests.TestBase - By.cssSelector: .icon-house found
18:52:24.614 [main] INFO  com.tr.tests.TestBase - Start to search element By.name: house
18:52:24.661 [main] INFO  com.tr.tests.TestBase - By.name: house found
18:52:34.816 [main] INFO  com.tr.tests.TestBase - Start to search element By.cssSelector: [data-test-id="header-create-menu-button"]
18:52:34.898 [main] INFO  com.tr.tests.TestBase - By.cssSelector: [data-test-id="header-create-menu-button"] found
18:52:34.898 [main] INFO  com.tr.tests.TestBase - Start to search element By.cssSelector: [data-test-id=header-create-menu-button]
18:52:34.926 [main] INFO  com.tr.tests.TestBase - By.cssSelector: [data-test-id=header-create-menu-button] found
18:52:35.147 [main] INFO  com.tr.tests.TestBase - Start to search element By.cssSelector: .js-new-org
18:52:40.162 [main] INFO  com.tr.tests.TestBase - By.cssSelector: .js-new-org found
18:52:40.168 [main] INFO  com.tr.tests.TestBase - Start to search element By.cssSelector: [data-test-id='header-create-team-button']
18:52:40.189 [main] INFO  com.tr.tests.TestBase - By.cssSelector: [data-test-id='header-create-team-button'] found
18:52:40.191 [main] INFO  com.tr.tests.TestBase - Start to search element By.cssSelector: [data-test-id='header-create-team-button']
18:52:40.204 [main] INFO  com.tr.tests.TestBase - By.cssSelector: [data-test-id='header-create-team-button'] found
18:58:39.893 [main] INFO  com.tr.tests.TestBase - Start to search element By.name: displayName
